# JRE version: Java(TM) SE Runtime Environment (19.0.2+7) (build 19.0.2+7-44)
# Java VM: Java HotSpot(TM) 64-Bit Server VM (19.0.2+7-44, mixed mode, sharing, tiered, compressed oops, compressed class ptrs, g1 gc, windows-amd64)
GC Precious Log:
 CardTable entry size: 512
 Card Set container configuration: InlinePtr #cards 4 size 8 Array Of Cards #cards 16 size 48 Howl #buckets 8 coarsen threshold 3686 Howl Bitmap #cards 512 size 80 coarsen threshold 460 Card regions per heap region 1 cards per card region 4096
 CPUs: 4 total, 4 available
 Memory: 16300M
 Large Page Support: Disabled
 NUMA Support: Disabled
 Compressed Oops: Enabled (Zero based)
 Heap Region Size: 2M
 Heap Min Capacity: 8M
 Heap Initial Capacity: 256M
 Heap Max Capacity: 4076M
 Pre-touch: Disabled
 Parallel Workers: 4
 Concurrent Workers: 1
 Concurrent Refinement Workers: 4
 Periodic GC: Disabled
Heap:
 garbage-first heap   total 135168K, used 73326K [0x0000000701400000, 0x0000000800000000)
  region size 2048K, 8 young (16384K), 2 survivors (4096K)
 Metaspace       used 33056K, committed 33472K, reserved 1114112K
  class space    used 3608K, committed 3840K, reserved 1048576K
GC Heap History (20 events):
Event: 0.808 GC heap before
{Heap before GC invocations=0 (full 0):
 garbage-first heap   total 262144K, used 12288K [0x0000000701400000, 0x0000000800000000)
  region size 2048K, 6 young (12288K), 0 survivors (0K)
 Metaspace       used 3333K, committed 3520K, reserved 1114112K
  class space    used 325K, committed 384K, reserved 1048576K
}
Event: 0.817 GC heap after
{Heap after GC invocations=1 (full 0):
 garbage-first heap   total 262144K, used 3110K [0x0000000701400000, 0x0000000800000000)
  region size 2048K, 1 young (2048K), 1 survivors (2048K)
 Metaspace       used 3333K, committed 3520K, reserved 1114112K
  class space    used 325K, committed 384K, reserved 1048576K
}
Event: 1.244 GC heap before
{Heap before GC invocations=1 (full 0):
 garbage-first heap   total 262144K, used 15398K [0x0000000701400000, 0x0000000800000000)
  region size 2048K, 7 young (14336K), 1 survivors (2048K)
 Metaspace       used 5336K, committed 5504K, reserved 1114112K
  class space    used 609K, committed 704K, reserved 1048576K
}
Event: 1.250 GC heap after
{Heap after GC invocations=2 (full 0):
 garbage-first heap   total 262144K, used 3962K [0x0000000701400000, 0x0000000800000000)
  region size 2048K, 1 young (2048K), 1 survivors (2048K)
 Metaspace       used 5336K, committed 5504K, reserved 1114112K
  class space    used 609K, committed 704K, reserved 1048576K
}
Event: 3.344 GC heap before
{Heap before GC invocations=2 (full 0):
 garbage-first heap   total 262144K, used 38778K [0x0000000701400000, 0x0000000800000000)
  region size 2048K, 19 young (38912K), 1 survivors (2048K)
 Metaspace       used 11446K, committed 11648K, reserved 1114112K
  class space    used 1357K, committed 1472K, reserved 1048576K
}
Event: 3.348 GC heap after
{Heap after GC invocations=3 (full 0):
 garbage-first heap   total 262144K, used 6222K [0x0000000701400000, 0x0000000800000000)
  region size 2048K, 2 young (4096K), 2 survivors (4096K)
 Metaspace       used 11446K, committed 11648K, reserved 1114112K
  class space    used 1357K, committed 1472K, reserved 1048576K
}
Event: 9.011 GC heap before
{Heap before GC invocations=3 (full 0):
 garbage-first heap   total 262144K, used 147534K [0x0000000701400000, 0x0000000800000000)
  region size 2048K, 71 young (145408K), 2 survivors (4096K)
 Metaspace       used 21170K, committed 21504K, reserved 1114112K
  class space    used 2349K, committed 2496K, reserved 1048576K
}
Event: 9.037 GC heap after
{Heap after GC invocations=4 (full 0):
 garbage-first heap   total 262144K, used 24263K [0x0000000701400000, 0x0000000800000000)
  region size 2048K, 9 young (18432K), 9 survivors (18432K)
 Metaspace       used 21170K, committed 21504K, reserved 1114112K
  class space    used 2349K, committed 2496K, reserved 1048576K
}
Event: 10.722 GC heap before
{Heap before GC invocations=5 (full 0):
 garbage-first heap   total 96256K, used 63175K [0x0000000701400000, 0x0000000800000000)
  region size 2048K, 28 young (57344K), 9 survivors (18432K)
 Metaspace       used 25979K, committed 26368K, reserved 1114112K
  class space    used 2864K, committed 3008K, reserved 1048576K
}
Event: 10.763 GC heap after
{Heap after GC invocations=6 (full 0):
 garbage-first heap   total 98304K, used 37579K [0x0000000701400000, 0x0000000800000000)
  region size 2048K, 4 young (8192K), 4 survivors (8192K)
 Metaspace       used 25979K, committed 26368K, reserved 1114112K
  class space    used 2864K, committed 3008K, reserved 1048576K
}
Event: 10.910 GC heap before
{Heap before GC invocations=6 (full 0):
 garbage-first heap   total 98304K, used 39627K [0x0000000701400000, 0x0000000800000000)
  region size 2048K, 5 young (10240K), 4 survivors (8192K)
 Metaspace       used 26342K, committed 26688K, reserved 1114112K
  class space    used 2901K, committed 3072K, reserved 1048576K
}
Event: 10.926 GC heap after
{Heap after GC invocations=7 (full 0):
 garbage-first heap   total 98304K, used 37901K [0x0000000701400000, 0x0000000800000000)
  region size 2048K, 1 young (2048K), 1 survivors (2048K)
 Metaspace       used 26342K, committed 26688K, reserved 1114112K
  class space    used 2901K, committed 3072K, reserved 1048576K
}
Event: 12.672 GC heap before
{Heap before GC invocations=7 (full 0):
 garbage-first heap   total 98304K, used 64525K [0x0000000701400000, 0x0000000800000000)
  region size 2048K, 15 young (30720K), 1 survivors (2048K)
 Metaspace       used 27906K, committed 28352K, reserved 1114112K
  class space    used 3070K, committed 3264K, reserved 1048576K
}
Event: 12.676 GC heap after
{Heap after GC invocations=8 (full 0):
 garbage-first heap   total 135168K, used 37729K [0x0000000701400000, 0x0000000800000000)
  region size 2048K, 1 young (2048K), 1 survivors (2048K)
 Metaspace       used 27906K, committed 28352K, reserved 1114112K
  class space    used 3070K, committed 3264K, reserved 1048576K
}
Event: 14.153 GC heap before
{Heap before GC invocations=8 (full 0):
 garbage-first heap   total 135168K, used 93025K [0x0000000701400000, 0x0000000800000000)
  region size 2048K, 28 young (57344K), 1 survivors (2048K)
 Metaspace       used 28688K, committed 29120K, reserved 1114112K
  class space    used 3147K, committed 3392K, reserved 1048576K
}
Event: 14.167 GC heap after
{Heap after GC invocations=9 (full 0):
 garbage-first heap   total 135168K, used 58893K [0x0000000701400000, 0x0000000800000000)
  region size 2048K, 4 young (8192K), 4 survivors (8192K)
 Metaspace       used 28688K, committed 29120K, reserved 1114112K
  class space    used 3147K, committed 3392K, reserved 1048576K
}
Event: 15.705 GC heap before
{Heap before GC invocations=9 (full 0):
 garbage-first heap   total 135168K, used 91661K [0x0000000701400000, 0x0000000800000000)
  region size 2048K, 21 young (43008K), 4 survivors (8192K)
 Metaspace       used 29942K, committed 30400K, reserved 1114112K
  class space    used 3287K, committed 3520K, reserved 1048576K
}
Event: 15.713 GC heap after
{Heap after GC invocations=10 (full 0):
 garbage-first heap   total 135168K, used 62373K [0x0000000701400000, 0x0000000800000000)
  region size 2048K, 2 young (4096K), 2 survivors (4096K)
 Metaspace       used 29942K, committed 30400K, reserved 1114112K
  class space    used 3287K, committed 3520K, reserved 1048576K
}
Event: 16.608 GC heap before
{Heap before GC invocations=10 (full 0):
 garbage-first heap   total 135168K, used 97189K [0x0000000701400000, 0x0000000800000000)
  region size 2048K, 19 young (38912K), 2 survivors (4096K)
 Metaspace       used 31545K, committed 32000K, reserved 1114112K
  class space    used 3430K, committed 3648K, reserved 1048576K
}
Event: 16.613 GC heap after
{Heap after GC invocations=11 (full 0):
 garbage-first heap   total 135168K, used 63086K [0x0000000701400000, 0x0000000800000000)
  region size 2048K, 2 young (4096K), 2 survivors (4096K)
 Metaspace       used 31545K, committed 32000K, reserved 1114112K
  class space    used 3430K, committed 3648K, reserved 1048576K
}

